timestamp: 2021-06-05T16:54:27.453386
CREATE TABLE "auth_user"(
    "id" INTEGER PRIMARY KEY AUTOINCREMENT,
    "username" CHAR(512) UNIQUE,
    "email" CHAR(512) UNIQUE,
    "password" CHAR(512),
    "first_name" CHAR(512),
    "last_name" CHAR(512),
    "sso_id" CHAR(512),
    "action_token" CHAR(512),
    "last_password_change" TIMESTAMP,
    "past_passwords_hash" TEXT
);
success!
timestamp: 2021-06-05T16:54:27.482347
CREATE TABLE "auth_user_tag_groups"(
    "id" INTEGER PRIMARY KEY AUTOINCREMENT,
    "path" CHAR(512),
    "record_id" INTEGER REFERENCES "auth_user" ("id") ON DELETE CASCADE  
);
success!
timestamp: 2021-06-05T16:54:27.500673
CREATE TABLE "upload"(
    "id" INTEGER PRIMARY KEY AUTOINCREMENT,
    "file_name" CHAR(512),
    "file_type" CHAR(512),
    "file_date" CHAR(512),
    "file_path" CHAR(512),
    "file_size" INTEGER
);
success!
